<?xml version="1.0" encoding="UTF-8" ?>
<testsuite tests="21" failures="0" name="edu.yu.cs.com1320.project.stage3.impl.DocumentStoreImplTest" time="0.285" errors="0" skipped="0">
  <properties>
    <property name="java.runtime.name" value="Java(TM) SE Runtime Environment"/>
    <property name="sun.boot.library.path" value="C:\Program Files\Java\jdk1.8.0_221\jre\bin"/>
    <property name="java.vm.version" value="25.221-b11"/>
    <property name="java.vm.vendor" value="Oracle Corporation"/>
    <property name="maven.multiModuleProjectDirectory" value="C:\Users\Binyamin Jachter\CompSci\JachterBinyamin\DataStructures\project\stage3"/>
    <property name="java.vendor.url" value="http://java.oracle.com/"/>
    <property name="path.separator" value=";"/>
    <property name="guice.disable.misplaced.annotation.check" value="true"/>
    <property name="java.vm.name" value="Java HotSpot(TM) 64-Bit Server VM"/>
    <property name="file.encoding.pkg" value="sun.io"/>
    <property name="user.script" value=""/>
    <property name="user.country" value="US"/>
    <property name="sun.java.launcher" value="SUN_STANDARD"/>
    <property name="sun.os.patch.level" value=""/>
    <property name="java.vm.specification.name" value="Java Virtual Machine Specification"/>
    <property name="user.dir" value="C:\Users\Binyamin Jachter\CompSci\JachterBinyamin\DataStructures\project\stage3"/>
    <property name="java.runtime.version" value="1.8.0_221-b11"/>
    <property name="java.awt.graphicsenv" value="sun.awt.Win32GraphicsEnvironment"/>
    <property name="java.endorsed.dirs" value="C:\Program Files\Java\jdk1.8.0_221\jre\lib\endorsed"/>
    <property name="os.arch" value="amd64"/>
    <property name="java.io.tmpdir" value="C:\Users\BINYAM~1\AppData\Local\Temp\"/>
    <property name="line.separator" value="
"/>
    <property name="java.vm.specification.vendor" value="Oracle Corporation"/>
    <property name="user.variant" value=""/>
    <property name="os.name" value="Windows 10"/>
    <property name="maven.ext.class.path" value="C:\Program Files\JetBrains\IntelliJ IDEA 2019.3.4\plugins\maven\lib\maven-event-listener.jar"/>
    <property name="classworlds.conf" value="C:\Program Files\JetBrains\IntelliJ IDEA 2019.3.4\plugins\maven\lib\maven3\bin\m2.conf"/>
    <property name="sun.jnu.encoding" value="Cp1252"/>
    <property name="java.library.path" value="C:\Program Files\Java\jdk1.8.0_221\bin;C:\WINDOWS\Sun\Java\bin;C:\WINDOWS\system32;C:\WINDOWS;C:\Program Files (x86)\Common Files\Oracle\Java\javapath;C:\Windows\system32;C:\Windows;C:\Windows\System32\Wbem;C:\Windows\System32\WindowsPowerShell\v1.0\;C:\Program Files (x86)\NVIDIA Corporation\PhysX\Common;C:\WINDOWS\system32;C:\WINDOWS;C:\WINDOWS\System32\Wbem;C:\WINDOWS\System32\WindowsPowerShell\v1.0\;C:\WINDOWS\System32\OpenSSH\;C:\Program Files\Git\cmd;C:\Program Files\Java\jdk1.8.0_221\bin;;C:\Program Files\NVIDIA Corporation\NVIDIA NvDLISR;C:\Users\Binyamin Jachter\AppData\Local\Microsoft\WindowsApps;;."/>
    <property name="maven.conf" value="C:\Program Files\JetBrains\IntelliJ IDEA 2019.3.4\plugins\maven\lib\maven3/conf"/>
    <property name="java.specification.name" value="Java Platform API Specification"/>
    <property name="java.class.version" value="52.0"/>
    <property name="sun.management.compiler" value="HotSpot 64-Bit Tiered Compilers"/>
    <property name="os.version" value="10.0"/>
    <property name="user.home" value="C:\Users\Binyamin Jachter"/>
    <property name="user.timezone" value="America/New_York"/>
    <property name="java.awt.printerjob" value="sun.awt.windows.WPrinterJob"/>
    <property name="java.specification.version" value="1.8"/>
    <property name="file.encoding" value="UTF-8"/>
    <property name="user.name" value="Binyamin Jachter"/>
    <property name="java.class.path" value="C:\Program Files\JetBrains\IntelliJ IDEA 2019.3.4\plugins\maven\lib\maven3\boot\plexus-classworlds-2.6.0.jar;C:\Program Files\JetBrains\IntelliJ IDEA 2019.3.4\plugins\maven\lib\maven3\boot\plexus-classworlds.license;C:\Program Files\JetBrains\IntelliJ IDEA 2019.3.4\lib\idea_rt.jar"/>
    <property name="java.vm.specification.version" value="1.8"/>
    <property name="sun.arch.data.model" value="64"/>
    <property name="java.home" value="C:\Program Files\Java\jdk1.8.0_221\jre"/>
    <property name="sun.java.command" value="org.codehaus.classworlds.Launcher -Didea.version2020.1.2 test"/>
    <property name="java.specification.vendor" value="Oracle Corporation"/>
    <property name="user.language" value="en"/>
    <property name="idea.version2020.1.2" value="true"/>
    <property name="awt.toolkit" value="sun.awt.windows.WToolkit"/>
    <property name="java.vm.info" value="mixed mode"/>
    <property name="java.version" value="1.8.0_221"/>
    <property name="java.ext.dirs" value="C:\Program Files\Java\jdk1.8.0_221\jre\lib\ext;C:\WINDOWS\Sun\Java\lib\ext"/>
    <property name="sun.boot.class.path" value="C:\Program Files\Java\jdk1.8.0_221\jre\lib\resources.jar;C:\Program Files\Java\jdk1.8.0_221\jre\lib\rt.jar;C:\Program Files\Java\jdk1.8.0_221\jre\lib\sunrsasign.jar;C:\Program Files\Java\jdk1.8.0_221\jre\lib\jsse.jar;C:\Program Files\Java\jdk1.8.0_221\jre\lib\jce.jar;C:\Program Files\Java\jdk1.8.0_221\jre\lib\charsets.jar;C:\Program Files\Java\jdk1.8.0_221\jre\lib\jfr.jar;C:\Program Files\Java\jdk1.8.0_221\jre\classes"/>
    <property name="java.vendor" value="Oracle Corporation"/>
    <property name="maven.home" value="C:\Program Files\JetBrains\IntelliJ IDEA 2019.3.4\plugins\maven\lib\maven3"/>
    <property name="file.separator" value="\"/>
    <property name="java.vendor.url.bug" value="http://bugreport.sun.com/bugreport/"/>
    <property name="sun.cpu.endian" value="little"/>
    <property name="sun.io.unicode.encoding" value="UnicodeLittle"/>
    <property name="sun.desktop" value="windows"/>
    <property name="sun.cpu.isalist" value="amd64"/>
  </properties>
  <testcase classname="edu.yu.cs.com1320.project.stage3.impl.DocumentStoreImplTest" name="stage3DeleteAllWithPrefix" time="0.016"/>
  <testcase classname="edu.yu.cs.com1320.project.stage3.impl.DocumentStoreImplTest" name="stage3SearchPDFs" time="0.014"/>
  <testcase classname="edu.yu.cs.com1320.project.stage3.impl.DocumentStoreImplTest" name="stage3SearchByPrefix" time="0.004"/>
  <testcase classname="edu.yu.cs.com1320.project.stage3.impl.DocumentStoreImplTest" name="testPutPdfDocumentNoPreviousDocAtURI" time="0.008"/>
  <testcase classname="edu.yu.cs.com1320.project.stage3.impl.DocumentStoreImplTest" name="stage3TestSearchByKeyword" time="0.02"/>
  <testcase classname="edu.yu.cs.com1320.project.stage3.impl.DocumentStoreImplTest" name="testPutNewVersionOfDocumentPdf" time="0.02"/>
  <testcase classname="edu.yu.cs.com1320.project.stage3.impl.DocumentStoreImplTest" name="testPutNewVersionOfDocumentTxt" time="0.003"/>
  <testcase classname="edu.yu.cs.com1320.project.stage3.impl.DocumentStoreImplTest" name="testGetTxtDocAsPdf" time="0.012"/>
  <testcase classname="edu.yu.cs.com1320.project.stage3.impl.DocumentStoreImplTest" name="testGetTxtDocAsTxt" time="0.003"/>
  <testcase classname="edu.yu.cs.com1320.project.stage3.impl.DocumentStoreImplTest" name="stage3DeleteAll" time="0.003"/>
  <testcase classname="edu.yu.cs.com1320.project.stage3.impl.DocumentStoreImplTest" name="stage3TestDeleteAllByKeyword" time="0.083"/>
  <testcase classname="edu.yu.cs.com1320.project.stage3.impl.DocumentStoreImplTest" name="testDeleteDoc" time="0.008"/>
  <testcase classname="edu.yu.cs.com1320.project.stage3.impl.DocumentStoreImplTest" name="testDeleteDocReturnValue" time="0.009"/>
  <testcase classname="edu.yu.cs.com1320.project.stage3.impl.DocumentStoreImplTest" name="stage3TestSearchByPrefix" time="0.022"/>
  <testcase classname="edu.yu.cs.com1320.project.stage3.impl.DocumentStoreImplTest" name="stage3SearchPDFsByPrefix" time="0.011"/>
  <testcase classname="edu.yu.cs.com1320.project.stage3.impl.DocumentStoreImplTest" name="stage3Search" time="0.004"/>
  <testcase classname="edu.yu.cs.com1320.project.stage3.impl.DocumentStoreImplTest" name="testPutTxtDocumentNoPreviousDocAtURI" time="0.003"/>
  <testcase classname="edu.yu.cs.com1320.project.stage3.impl.DocumentStoreImplTest" name="testGetPdfDocAsPdf" time="0.01"/>
  <testcase classname="edu.yu.cs.com1320.project.stage3.impl.DocumentStoreImplTest" name="testGetPdfDocAsTxt" time="0.009"/>
  <testcase classname="edu.yu.cs.com1320.project.stage3.impl.DocumentStoreImplTest" name="stage3TestDeleteAllByPrefix" time="0.02"/>
  <testcase classname="edu.yu.cs.com1320.project.stage3.impl.DocumentStoreImplTest" name="testPutDocumentWithNullArguments" time="0.003"/>
</testsuite>